== Tests result: FAILURE then FAILURE == 10 slowest tests: - test.test_multiprocessing_spawn.test_processes: 1 min 37 sec - test.test_multiprocessing_forkserver.test_processes: 1 min 32 sec - test.test_multiprocessing_fork.test_processes: 1 min 20 sec - test_signal: 1 min 7 sec - test_subprocess: 48.5 sec - test.test_concurrent_futures.test_wait: 48.3 sec - test_socket: 35.5 sec - test_io: 33.9 sec - test_xmlrpc: 27.8 sec - test.test_multiprocessing_spawn.test_misc: 27.2 sec 26 tests skipped: test.test_asyncio.test_windows_events test.test_asyncio.test_windows_utils test_bz2 test_dbm_gnu test_dbm_ndbm test_devpoll test_idle test_ioctl test_kqueue test_launcher test_lzma test_msvcrt test_readline test_smtpnet test_sqlite3 test_ssl test_startfile test_tcl test_tkinter test_ttk test_ttk_textonly test_turtle test_winconsoleio test_winreg test_winsound test_wmi 2 tests skipped (resource denied): test_peg_generator test_zipfile64 9 re-run tests: test.test_asyncio.test_runners test.test_multiprocessing_fork.test_processes test.test_multiprocessing_forkserver.test_processes test.test_multiprocessing_spawn.test_processes test_generators test_pdb test_regrtest test_signal test_threading 9 tests failed: test.test_asyncio.test_runners test.test_multiprocessing_fork.test_processes test.test_multiprocessing_forkserver.test_processes test.test_multiprocessing_spawn.test_processes test_generators test_pdb test_regrtest test_signal test_threading 432 tests OK. Total duration: 20 min Total tests: run=39,007 failures=28 skipped=1,719 Total test files: run=476/469 failed=9 skipped=26 resource_denied=2 rerun=9 Result: FAILURE then FAILURE make: *** [Makefile:2057: test] Error 2